<?xml version="1.0" encoding="UTF-8"?>
<!-- Generated by org.testng.reporters.JUnitReportReporter -->
<testsuite skipped="0" hostname="DESKTOP-3OSVVE1" name="com.inn.tests.ErrorValidationsTest" tests="2" failures="0" timestamp="30 Oct 2022 05:33:48 GMT" time="70.841" errors="0">
  <testcase name="ProductErrorValidation" time="50.977" classname="com.inn.tests.ErrorValidationsTest"/>
  <testcase name="LoginErrorValidation" time="19.864" classname="com.inn.tests.ErrorValidationsTest"/>
</testsuite> <!-- com.inn.tests.ErrorValidationsTest -->
