<?xml version="1.0" encoding="UTF-8"?>
<!-- Generated by org.testng.reporters.JUnitReportReporter -->
<testsuite skipped="0" hostname="DESKTOP-3OSVVE1" name="rahulshettyacademy.tests.ErrorValidationsTest" tests="2" failures="0" timestamp="30 Oct 2022 04:28:49 GMT" time="16.680" errors="0">
  <testcase name="ProductErrorValidation" time="10.476" classname="rahulshettyacademy.tests.ErrorValidationsTest"/>
  <testcase name="LoginErrorValidation" time="6.204" classname="rahulshettyacademy.tests.ErrorValidationsTest"/>
</testsuite> <!-- rahulshettyacademy.tests.ErrorValidationsTest -->
