<?xml version="1.0" encoding="UTF-8"?>
<!-- Generated by org.testng.reporters.JUnitReportReporter -->
<testsuite skipped="0" hostname="DESKTOP-3OSVVE1" name="rahulshettyacademy.tests.ErrorValidationsTest" tests="1" failures="0" timestamp="23 Oct 2022 04:11:41 GMT" time="11.151" errors="0">
  <testcase name="LoginErrorValidation" time="11.151" classname="rahulshettyacademy.tests.ErrorValidationsTest"/>
</testsuite> <!-- rahulshettyacademy.tests.ErrorValidationsTest -->
