<?xml version="1.0" encoding="UTF-8"?>
<!-- Generated by org.testng.reporters.JUnitReportReporter -->
<testsuite skipped="0" hostname="DESKTOP-3OSVVE1" name="maven.part.two.OneTest" tests="1" failures="0" timestamp="2022-09-05T14:00:42 IST" time="8.610" errors="0">
  <testcase name="testOne" time="8.610" classname="maven.part.two.OneTest"/>
  <system-out/>
</testsuite> <!-- maven.part.two.OneTest -->
