<?xml version="1.0" encoding="UTF-8"?>
<!-- Generated by org.testng.reporters.JUnitReportReporter -->
<testsuite skipped="0" hostname="DESKTOP-3OSVVE1" name="maven.part.two.ThreeTest" tests="1" failures="0" timestamp="2022-09-05T14:24:54 IST" time="0.007" errors="0">
  <testcase name="testThree" time="0.007" classname="maven.part.two.ThreeTest"/>
  <system-out/>
</testsuite> <!-- maven.part.two.ThreeTest -->
