<?xml version="1.0" encoding="UTF-8"?>
<!-- Generated by org.testng.reporters.JUnitReportReporter -->
<testsuite skipped="0" hostname="DESKTOP-3OSVVE1" name="maven.part.two.twoTest" tests="1" failures="0" timestamp="2022-09-05T14:25:46 IST" time="0.010" errors="0">
  <testcase name="testTwo" time="0.010" classname="maven.part.two.twoTest"/>
  <system-out/>
</testsuite> <!-- maven.part.two.twoTest -->
